{"message":"404 - Not Found - /favicon.ico - GET - ::1","level":"error"}
{"message":"::1 - - [29/Jun/2018:18:44:32 +0000] \"GET /favicon.ico HTTP/1.1\" 404 1292 \"http://localhost:3000/\" \"Mozilla/5.0 (Windows NT 10.0; Win64; x64) AppleWebKit/537.36 (KHTML, like Gecko) Chrome/67.0.3396.87 Safari/537.36\"\n","level":"info"}
{"message":"404 - Not Found - /favicon.ico - GET - ::1","level":"error"}
{"message":"::1 - - [24/Jul/2018:09:41:06 +0000] \"GET /favicon.ico HTTP/1.1\" 404 1292 \"http://localhost:3000/\" \"Mozilla/5.0 (Windows NT 10.0; Win64; x64) AppleWebKit/537.36 (KHTML, like Gecko) Chrome/67.0.3396.99 Safari/537.36\"\n","level":"info"}
{"message":"404 - Not Found - /movies/movies - GET - ::1","level":"error"}
{"message":"::1 - - [24/Jul/2018:09:51:35 +0000] \"GET /movies/movies HTTP/1.1\" 404 1292 \"-\" \"Mozilla/5.0 (Windows NT 10.0; Win64; x64) AppleWebKit/537.36 (KHTML, like Gecko) Chrome/67.0.3396.99 Safari/537.36\"\n","level":"info"}
{"message":"404 - Not Found - /movies/movies - GET - ::1","level":"error"}
{"message":"::1 - - [24/Jul/2018:09:52:30 +0000] \"GET /movies/movies HTTP/1.1\" 404 1292 \"-\" \"Mozilla/5.0 (Windows NT 10.0; Win64; x64) AppleWebKit/537.36 (KHTML, like Gecko) Chrome/67.0.3396.99 Safari/537.36\"\n","level":"info"}
{"message":"500 - Request is not defined - /movies - GET - ::1","level":"error"}
{"message":"500 - Request is not defined - /movies - GET - ::1","level":"error"}
{"message":"500 - Request is not defined - /movies - GET - ::1","level":"error"}
{"message":"500 - Request is not defined - /movies - GET - ::1","level":"error"}
{"message":"500 - Cannot find module 'html' - / - GET - ::1","level":"error"}
{"message":"404 - ENOENT: no such file or directory, stat 'C:\\Users\\Bonge\\Documents\\Projects\\logger\\myApp\\movies-client\\index.html' - / - GET - ::1","level":"error"}
{"message":"500 - Cannot find module 'html' - / - GET - ::1","level":"error"}
{"message":"404 - Not Found - /users - GET - ::1","level":"error"}
{"message":"::1 - - [24/Jul/2018:13:48:16 +0000] \"GET /users HTTP/1.1\" 404 1470 \"-\" \"Mozilla/5.0 (Windows NT 10.0; Win64; x64) AppleWebKit/537.36 (KHTML, like Gecko) Chrome/67.0.3396.99 Safari/537.36\"\n","level":"info"}
{"message":"404 - Not Found - /api/movies.json - GET - ::1","level":"error"}
{"message":"::1 - - [24/Jul/2018:13:49:48 +0000] \"GET /api/movies.json HTTP/1.1\" 404 1470 \"-\" \"Mozilla/5.0 (Windows NT 10.0; Win64; x64) AppleWebKit/537.36 (KHTML, like Gecko) Chrome/67.0.3396.99 Safari/537.36\"\n","level":"info"}
{"message":"500 - Failed to lookup view \"index.html\" in views directory \"C:\\Users\\Bonge\\Documents\\Projects\\logger\\myAppviews\" - / - GET - ::1","level":"error"}
{"message":"404 - Not Found - /api/theatre/ - OPTIONS - ::1","level":"error"}
{"message":"::1 - - [24/Jul/2018:16:30:14 +0000] \"OPTIONS /api/theatre/ HTTP/1.1\" 404 1469 \"-\" \"Mozilla/5.0 (Windows NT 10.0; Win64; x64) AppleWebKit/537.36 (KHTML, like Gecko) Chrome/67.0.3396.99 Safari/537.36\"\n","level":"info"}
{"message":"404 - Not Found - /api//theatre/ - OPTIONS - ::1","level":"error"}
{"message":"::1 - - [24/Jul/2018:16:31:47 +0000] \"OPTIONS /api//theatre/ HTTP/1.1\" 404 1469 \"-\" \"Mozilla/5.0 (Windows NT 10.0; Win64; x64) AppleWebKit/537.36 (KHTML, like Gecko) Chrome/67.0.3396.99 Safari/537.36\"\n","level":"info"}
{"message":"404 - Not Found - /api/movies/theatre/ - OPTIONS - ::1","level":"error"}
{"message":"::1 - - [24/Jul/2018:16:31:57 +0000] \"OPTIONS /api/movies/theatre/ HTTP/1.1\" 404 1469 \"-\" \"Mozilla/5.0 (Windows NT 10.0; Win64; x64) AppleWebKit/537.36 (KHTML, like Gecko) Chrome/67.0.3396.99 Safari/537.36\"\n","level":"info"}
{"message":"404 - Not Found - /api/movies/movies/ - OPTIONS - ::1","level":"error"}
{"message":"::1 - - [24/Jul/2018:16:31:57 +0000] \"OPTIONS /api/movies/movies/ HTTP/1.1\" 404 1469 \"-\" \"Mozilla/5.0 (Windows NT 10.0; Win64; x64) AppleWebKit/537.36 (KHTML, like Gecko) Chrome/67.0.3396.99 Safari/537.36\"\n","level":"info"}
{"message":"500 - Failed to lookup view \"index.html\" in views directory \"C:\\Users\\Bonge\\Documents\\Projects\\logger\\myAppviews\" - / - GET - ::1","level":"error"}
{"message":"404 - Not Found - /favicon.ico - GET - ::1","level":"error"}
{"message":"::1 - - [24/Jul/2018:16:32:32 +0000] \"GET /favicon.ico HTTP/1.1\" 404 1469 \"http://localhost:3000/\" \"Mozilla/5.0 (Windows NT 10.0; Win64; x64) AppleWebKit/537.36 (KHTML, like Gecko) Chrome/67.0.3396.99 Safari/537.36\"\n","level":"info"}
{"message":"404 - Not Found - /api/movies/theatre/ - OPTIONS - ::1","level":"error"}
{"message":"::1 - - [24/Jul/2018:16:33:54 +0000] \"OPTIONS /api/movies/theatre/ HTTP/1.1\" 404 1469 \"-\" \"Mozilla/5.0 (Windows NT 10.0; Win64; x64) AppleWebKit/537.36 (KHTML, like Gecko) Chrome/67.0.3396.99 Safari/537.36\"\n","level":"info"}
{"message":"404 - Not Found - /api/movies/movies/ - OPTIONS - ::1","level":"error"}
{"message":"::1 - - [24/Jul/2018:16:33:54 +0000] \"OPTIONS /api/movies/movies/ HTTP/1.1\" 404 1469 \"-\" \"Mozilla/5.0 (Windows NT 10.0; Win64; x64) AppleWebKit/537.36 (KHTML, like Gecko) Chrome/67.0.3396.99 Safari/537.36\"\n","level":"info"}
{"message":"404 - Not Found - /api//theatre/ - OPTIONS - ::1","level":"error"}
{"message":"::1 - - [24/Jul/2018:16:35:10 +0000] \"OPTIONS /api//theatre/ HTTP/1.1\" 404 1469 \"-\" \"Mozilla/5.0 (Windows NT 10.0; Win64; x64) AppleWebKit/537.36 (KHTML, like Gecko) Chrome/67.0.3396.99 Safari/537.36\"\n","level":"info"}
{"message":"404 - Not Found - /api/theatre/ - OPTIONS - ::1","level":"error"}
{"message":"::1 - - [24/Jul/2018:16:38:14 +0000] \"OPTIONS /api/theatre/ HTTP/1.1\" 404 1469 \"-\" \"Mozilla/5.0 (Windows NT 10.0; Win64; x64) AppleWebKit/537.36 (KHTML, like Gecko) Chrome/67.0.3396.99 Safari/537.36\"\n","level":"info"}
{"message":"404 - Not Found - /api/theatre/ - OPTIONS - ::1","level":"error"}
{"message":"::1 - - [24/Jul/2018:16:40:14 +0000] \"OPTIONS /api/theatre/ HTTP/1.1\" 404 1469 \"-\" \"Mozilla/5.0 (Windows NT 10.0; Win64; x64) AppleWebKit/537.36 (KHTML, like Gecko) Chrome/67.0.3396.99 Safari/537.36\"\n","level":"info"}
{"message":"404 - Not Found - /api/theatre/ - OPTIONS - ::1","level":"error"}
{"message":"::1 - - [24/Jul/2018:16:40:15 +0000] \"OPTIONS /api/theatre/ HTTP/1.1\" 404 1469 \"-\" \"Mozilla/5.0 (Windows NT 10.0; Win64; x64) AppleWebKit/537.36 (KHTML, like Gecko) Chrome/67.0.3396.99 Safari/537.36\"\n","level":"info"}
{"message":"404 - Not Found - /api/theatre/ - OPTIONS - ::1","level":"error"}
{"message":"::1 - - [24/Jul/2018:16:40:21 +0000] \"OPTIONS /api/theatre/ HTTP/1.1\" 404 1469 \"-\" \"Mozilla/5.0 (Windows NT 10.0; Win64; x64) AppleWebKit/537.36 (KHTML, like Gecko) Chrome/67.0.3396.99 Safari/537.36\"\n","level":"info"}
{"message":"404 - Not Found - /api/theatre/ - GET - ::1","level":"error"}
{"message":"::1 - - [24/Jul/2018:16:40:37 +0000] \"GET /api/theatre/ HTTP/1.1\" 404 1469 \"-\" \"Mozilla/5.0 (Windows NT 10.0; Win64; x64) AppleWebKit/537.36 (KHTML, like Gecko) Chrome/67.0.3396.99 Safari/537.36\"\n","level":"info"}
{"message":"404 - Not Found - /api/theatre/ - GET - ::1","level":"error"}
{"message":"::1 - - [24/Jul/2018:16:40:46 +0000] \"GET /api/theatre/ HTTP/1.1\" 404 1469 \"-\" \"Mozilla/5.0 (Windows NT 10.0; Win64; x64) AppleWebKit/537.36 (KHTML, like Gecko) Chrome/67.0.3396.99 Safari/537.36\"\n","level":"info"}
{"message":"404 - Not Found - /api/thetre - GET - ::1","level":"error"}
{"message":"::1 - - [24/Jul/2018:16:41:01 +0000] \"GET /api/thetre HTTP/1.1\" 404 1469 \"-\" \"Mozilla/5.0 (Windows NT 10.0; Win64; x64) AppleWebKit/537.36 (KHTML, like Gecko) Chrome/67.0.3396.99 Safari/537.36\"\n","level":"info"}
{"message":"404 - Not Found - /api/theatre/ - GET - ::1","level":"error"}
{"message":"::1 - - [24/Jul/2018:16:49:21 +0000] \"GET /api/theatre/ HTTP/1.1\" 404 1469 \"http://localhost:4200/movies\" \"Mozilla/5.0 (Windows NT 10.0; Win64; x64) AppleWebKit/537.36 (KHTML, like Gecko) Chrome/67.0.3396.99 Safari/537.36\"\n","level":"info"}
{"message":"404 - Not Found - /api/theatre/ - GET - ::1","level":"error"}
{"message":"::1 - - [24/Jul/2018:16:51:01 +0000] \"GET /api/theatre/ HTTP/1.1\" 404 1469 \"http://localhost:4200/movies\" \"Mozilla/5.0 (Windows NT 10.0; Win64; x64) AppleWebKit/537.36 (KHTML, like Gecko) Chrome/67.0.3396.99 Safari/537.36\"\n","level":"info"}
{"message":"404 - Not Found - /api/theatre/ - GET - ::1","level":"error"}
{"message":"::1 - - [24/Jul/2018:16:51:05 +0000] \"GET /api/theatre/ HTTP/1.1\" 404 1469 \"http://localhost:4200/movies\" \"Mozilla/5.0 (Windows NT 10.0; Win64; x64) AppleWebKit/537.36 (KHTML, like Gecko) Chrome/67.0.3396.99 Safari/537.36\"\n","level":"info"}
{"message":"404 - Not Found - /api/theatre/ - GET - ::1","level":"error"}
{"message":"::1 - - [24/Jul/2018:16:51:16 +0000] \"GET /api/theatre/ HTTP/1.1\" 404 1469 \"http://localhost:4200/movies\" \"Mozilla/5.0 (Windows NT 10.0; Win64; x64) AppleWebKit/537.36 (KHTML, like Gecko) Chrome/67.0.3396.99 Safari/537.36\"\n","level":"info"}
{"message":"404 - Not Found - /api/theatre/ - GET - ::1","level":"error"}
{"message":"::1 - - [24/Jul/2018:16:51:19 +0000] \"GET /api/theatre/ HTTP/1.1\" 404 1469 \"http://localhost:4200/movies\" \"Mozilla/5.0 (Windows NT 10.0; Win64; x64) AppleWebKit/537.36 (KHTML, like Gecko) Chrome/67.0.3396.99 Safari/537.36\"\n","level":"info"}
{"message":"404 - Not Found - /api/theatre/ - GET - ::1","level":"error"}
{"message":"::1 - - [24/Jul/2018:16:51:56 +0000] \"GET /api/theatre/ HTTP/1.1\" 404 1469 \"http://localhost:4200/movies\" \"Mozilla/5.0 (Windows NT 10.0; Win64; x64) AppleWebKit/537.36 (KHTML, like Gecko) Chrome/67.0.3396.99 Safari/537.36\"\n","level":"info"}
{"message":"404 - Not Found - /api/theatre/ - GET - ::1","level":"error"}
{"message":"::1 - - [24/Jul/2018:16:51:58 +0000] \"GET /api/theatre/ HTTP/1.1\" 404 1469 \"http://localhost:4200/movies\" \"Mozilla/5.0 (Windows NT 10.0; Win64; x64) AppleWebKit/537.36 (KHTML, like Gecko) Chrome/67.0.3396.99 Safari/537.36\"\n","level":"info"}
{"message":"404 - Not Found - /api/theatre/ - GET - ::1","level":"error"}
{"message":"::1 - - [24/Jul/2018:16:52:06 +0000] \"GET /api/theatre/ HTTP/1.1\" 404 1469 \"http://localhost:4200/movies\" \"Mozilla/5.0 (Windows NT 10.0; Win64; x64) AppleWebKit/537.36 (KHTML, like Gecko) Chrome/67.0.3396.99 Safari/537.36\"\n","level":"info"}
{"message":"404 - Not Found - /api/theatre/ - GET - ::1","level":"error"}
{"message":"::1 - - [24/Jul/2018:16:52:08 +0000] \"GET /api/theatre/ HTTP/1.1\" 404 1469 \"http://localhost:4200/movies\" \"Mozilla/5.0 (Windows NT 10.0; Win64; x64) AppleWebKit/537.36 (KHTML, like Gecko) Chrome/67.0.3396.99 Safari/537.36\"\n","level":"info"}
{"message":"404 - Not Found - /api/theatre/ - GET - ::1","level":"error"}
{"message":"::1 - - [24/Jul/2018:16:52:28 +0000] \"GET /api/theatre/ HTTP/1.1\" 404 1469 \"http://localhost:4200/movies\" \"Mozilla/5.0 (Windows NT 10.0; Win64; x64) AppleWebKit/537.36 (KHTML, like Gecko) Chrome/67.0.3396.99 Safari/537.36\"\n","level":"info"}
{"message":"404 - Not Found - /api/theatre/ - GET - ::1","level":"error"}
{"message":"::1 - - [24/Jul/2018:16:52:29 +0000] \"GET /api/theatre/ HTTP/1.1\" 404 1469 \"http://localhost:4200/movies\" \"Mozilla/5.0 (Windows NT 10.0; Win64; x64) AppleWebKit/537.36 (KHTML, like Gecko) Chrome/67.0.3396.99 Safari/537.36\"\n","level":"info"}
{"message":"404 - Not Found - /api/theatre/ - GET - ::1","level":"error"}
{"message":"::1 - - [24/Jul/2018:16:52:44 +0000] \"GET /api/theatre/ HTTP/1.1\" 404 1469 \"http://localhost:4200/movies\" \"Mozilla/5.0 (Windows NT 10.0; Win64; x64) AppleWebKit/537.36 (KHTML, like Gecko) Chrome/67.0.3396.99 Safari/537.36\"\n","level":"info"}
{"message":"404 - Not Found - /api/theatre/ - GET - ::1","level":"error"}
{"message":"::1 - - [24/Jul/2018:16:52:46 +0000] \"GET /api/theatre/ HTTP/1.1\" 404 1469 \"http://localhost:4200/movies\" \"Mozilla/5.0 (Windows NT 10.0; Win64; x64) AppleWebKit/537.36 (KHTML, like Gecko) Chrome/67.0.3396.99 Safari/537.36\"\n","level":"info"}
{"message":"404 - Not Found - /api/theatre/ - GET - ::1","level":"error"}
{"message":"::1 - - [24/Jul/2018:16:53:16 +0000] \"GET /api/theatre/ HTTP/1.1\" 404 1469 \"http://localhost:4200/movies\" \"Mozilla/5.0 (Windows NT 10.0; Win64; x64) AppleWebKit/537.36 (KHTML, like Gecko) Chrome/67.0.3396.99 Safari/537.36\"\n","level":"info"}
{"message":"404 - Not Found - /api/theatre/ - GET - ::1","level":"error"}
{"message":"::1 - - [24/Jul/2018:16:53:18 +0000] \"GET /api/theatre/ HTTP/1.1\" 404 1469 \"http://localhost:4200/movies\" \"Mozilla/5.0 (Windows NT 10.0; Win64; x64) AppleWebKit/537.36 (KHTML, like Gecko) Chrome/67.0.3396.99 Safari/537.36\"\n","level":"info"}
{"message":"404 - Not Found - /api/theatre/ - GET - ::1","level":"error"}
{"message":"::1 - - [24/Jul/2018:16:53:30 +0000] \"GET /api/theatre/ HTTP/1.1\" 404 1469 \"http://localhost:4200/movies\" \"Mozilla/5.0 (Windows NT 10.0; Win64; x64) AppleWebKit/537.36 (KHTML, like Gecko) Chrome/67.0.3396.99 Safari/537.36\"\n","level":"info"}
{"message":"404 - Not Found - /api/theatre/ - GET - ::1","level":"error"}
{"message":"::1 - - [24/Jul/2018:16:53:35 +0000] \"GET /api/theatre/ HTTP/1.1\" 404 1469 \"http://localhost:4200/movies\" \"Mozilla/5.0 (Windows NT 10.0; Win64; x64) AppleWebKit/537.36 (KHTML, like Gecko) Chrome/67.0.3396.99 Safari/537.36\"\n","level":"info"}
{"message":"404 - Not Found - /api/theatre/ - GET - ::1","level":"error"}
{"message":"::1 - - [24/Jul/2018:16:53:37 +0000] \"GET /api/theatre/ HTTP/1.1\" 404 1469 \"http://localhost:4200/movies\" \"Mozilla/5.0 (Windows NT 10.0; Win64; x64) AppleWebKit/537.36 (KHTML, like Gecko) Chrome/67.0.3396.99 Safari/537.36\"\n","level":"info"}
{"message":"404 - Not Found - /api/theatre/ - GET - ::1","level":"error"}
{"message":"::1 - - [24/Jul/2018:16:53:41 +0000] \"GET /api/theatre/ HTTP/1.1\" 404 1469 \"http://localhost:4200/movies\" \"Mozilla/5.0 (Windows NT 10.0; Win64; x64) AppleWebKit/537.36 (KHTML, like Gecko) Chrome/67.0.3396.99 Safari/537.36\"\n","level":"info"}
{"message":"404 - Not Found - /api/theatre/ - GET - ::1","level":"error"}
{"message":"::1 - - [24/Jul/2018:16:53:44 +0000] \"GET /api/theatre/ HTTP/1.1\" 404 1469 \"http://localhost:4200/movies\" \"Mozilla/5.0 (Windows NT 10.0; Win64; x64) AppleWebKit/537.36 (KHTML, like Gecko) Chrome/67.0.3396.99 Safari/537.36\"\n","level":"info"}
{"message":"404 - Not Found - /api/theatre/ - GET - ::1","level":"error"}
{"message":"::1 - - [24/Jul/2018:16:53:49 +0000] \"GET /api/theatre/ HTTP/1.1\" 404 1469 \"http://localhost:4200/movies\" \"Mozilla/5.0 (Windows NT 10.0; Win64; x64) AppleWebKit/537.36 (KHTML, like Gecko) Chrome/67.0.3396.99 Safari/537.36\"\n","level":"info"}
{"message":"404 - Not Found - /api/theatre/ - GET - ::1","level":"error"}
{"message":"::1 - - [24/Jul/2018:16:53:52 +0000] \"GET /api/theatre/ HTTP/1.1\" 404 1469 \"http://localhost:4200/movies\" \"Mozilla/5.0 (Windows NT 10.0; Win64; x64) AppleWebKit/537.36 (KHTML, like Gecko) Chrome/67.0.3396.99 Safari/537.36\"\n","level":"info"}
{"message":"404 - Not Found - /api/theatre/ - GET - ::1","level":"error"}
{"message":"::1 - - [24/Jul/2018:16:53:57 +0000] \"GET /api/theatre/ HTTP/1.1\" 404 1469 \"http://localhost:4200/movies\" \"Mozilla/5.0 (Windows NT 10.0; Win64; x64) AppleWebKit/537.36 (KHTML, like Gecko) Chrome/67.0.3396.99 Safari/537.36\"\n","level":"info"}
{"message":"404 - Not Found - /api/theatre/ - GET - ::1","level":"error"}
{"message":"::1 - - [24/Jul/2018:16:54:00 +0000] \"GET /api/theatre/ HTTP/1.1\" 404 1469 \"http://localhost:4200/movies\" \"Mozilla/5.0 (Windows NT 10.0; Win64; x64) AppleWebKit/537.36 (KHTML, like Gecko) Chrome/67.0.3396.99 Safari/537.36\"\n","level":"info"}
{"message":"404 - Not Found - /api/theatre/ - GET - ::1","level":"error"}
{"message":"::1 - - [24/Jul/2018:16:54:07 +0000] \"GET /api/theatre/ HTTP/1.1\" 404 1469 \"http://localhost:4200/movies\" \"Mozilla/5.0 (Windows NT 10.0; Win64; x64) AppleWebKit/537.36 (KHTML, like Gecko) Chrome/67.0.3396.99 Safari/537.36\"\n","level":"info"}
{"message":"404 - Not Found - /api/theatre/ - GET - ::1","level":"error"}
{"message":"::1 - - [24/Jul/2018:16:54:21 +0000] \"GET /api/theatre/ HTTP/1.1\" 404 1469 \"http://localhost:4200/movies\" \"Mozilla/5.0 (Windows NT 10.0; Win64; x64) AppleWebKit/537.36 (KHTML, like Gecko) Chrome/67.0.3396.99 Safari/537.36\"\n","level":"info"}
{"message":"404 - Not Found - /api/theatre/ - GET - ::1","level":"error"}
{"message":"::1 - - [24/Jul/2018:16:54:23 +0000] \"GET /api/theatre/ HTTP/1.1\" 404 1469 \"http://localhost:4200/movies\" \"Mozilla/5.0 (Windows NT 10.0; Win64; x64) AppleWebKit/537.36 (KHTML, like Gecko) Chrome/67.0.3396.99 Safari/537.36\"\n","level":"info"}
{"message":"404 - Not Found - /api/theatre/ - GET - ::1","level":"error"}
{"message":"::1 - - [24/Jul/2018:16:54:34 +0000] \"GET /api/theatre/ HTTP/1.1\" 404 1469 \"http://localhost:4200/movies\" \"Mozilla/5.0 (Windows NT 10.0; Win64; x64) AppleWebKit/537.36 (KHTML, like Gecko) Chrome/67.0.3396.99 Safari/537.36\"\n","level":"info"}
{"message":"404 - Not Found - /api/theatre/ - GET - ::1","level":"error"}
{"message":"::1 - - [24/Jul/2018:16:54:39 +0000] \"GET /api/theatre/ HTTP/1.1\" 404 1469 \"http://localhost:4200/movies\" \"Mozilla/5.0 (Windows NT 10.0; Win64; x64) AppleWebKit/537.36 (KHTML, like Gecko) Chrome/67.0.3396.99 Safari/537.36\"\n","level":"info"}
{"message":"404 - Not Found - /api/theatre/ - GET - ::1","level":"error"}
{"message":"::1 - - [24/Jul/2018:16:54:40 +0000] \"GET /api/theatre/ HTTP/1.1\" 404 1469 \"http://localhost:4200/movies\" \"Mozilla/5.0 (Windows NT 10.0; Win64; x64) AppleWebKit/537.36 (KHTML, like Gecko) Chrome/67.0.3396.99 Safari/537.36\"\n","level":"info"}
{"message":"404 - Not Found - /api/theatre/ - GET - ::1","level":"error"}
{"message":"::1 - - [24/Jul/2018:16:54:43 +0000] \"GET /api/theatre/ HTTP/1.1\" 404 1469 \"http://localhost:4200/movies\" \"Mozilla/5.0 (Windows NT 10.0; Win64; x64) AppleWebKit/537.36 (KHTML, like Gecko) Chrome/67.0.3396.99 Safari/537.36\"\n","level":"info"}
{"message":"404 - Not Found - /api/theatre/ - GET - ::1","level":"error"}
{"message":"::1 - - [24/Jul/2018:16:54:49 +0000] \"GET /api/theatre/ HTTP/1.1\" 404 1469 \"http://localhost:4200/movies\" \"Mozilla/5.0 (Windows NT 10.0; Win64; x64) AppleWebKit/537.36 (KHTML, like Gecko) Chrome/67.0.3396.99 Safari/537.36\"\n","level":"info"}
{"message":"404 - Not Found - /api/theatre/ - GET - ::1","level":"error"}
{"message":"::1 - - [24/Jul/2018:16:54:51 +0000] \"GET /api/theatre/ HTTP/1.1\" 404 1469 \"http://localhost:4200/movies\" \"Mozilla/5.0 (Windows NT 10.0; Win64; x64) AppleWebKit/537.36 (KHTML, like Gecko) Chrome/67.0.3396.99 Safari/537.36\"\n","level":"info"}
{"message":"404 - Not Found - /api/theatre/ - GET - ::1","level":"error"}
{"message":"::1 - - [24/Jul/2018:16:54:54 +0000] \"GET /api/theatre/ HTTP/1.1\" 404 1469 \"http://localhost:4200/movies\" \"Mozilla/5.0 (Windows NT 10.0; Win64; x64) AppleWebKit/537.36 (KHTML, like Gecko) Chrome/67.0.3396.99 Safari/537.36\"\n","level":"info"}
{"message":"404 - Not Found - /api/theatre/ - GET - ::1","level":"error"}
{"message":"::1 - - [24/Jul/2018:16:54:58 +0000] \"GET /api/theatre/ HTTP/1.1\" 404 1469 \"http://localhost:4200/movies\" \"Mozilla/5.0 (Windows NT 10.0; Win64; x64) AppleWebKit/537.36 (KHTML, like Gecko) Chrome/67.0.3396.99 Safari/537.36\"\n","level":"info"}
{"message":"404 - Not Found - /api/theatre/ - GET - ::1","level":"error"}
{"message":"::1 - - [24/Jul/2018:16:56:13 +0000] \"GET /api/theatre/ HTTP/1.1\" 404 1469 \"http://localhost:4200/movies\" \"Mozilla/5.0 (Windows NT 10.0; Win64; x64) AppleWebKit/537.36 (KHTML, like Gecko) Chrome/67.0.3396.99 Safari/537.36\"\n","level":"info"}
{"message":"404 - Not Found - /api/theatre/ - GET - ::1","level":"error"}
{"message":"::1 - - [24/Jul/2018:16:56:15 +0000] \"GET /api/theatre/ HTTP/1.1\" 404 1469 \"http://localhost:4200/movies\" \"Mozilla/5.0 (Windows NT 10.0; Win64; x64) AppleWebKit/537.36 (KHTML, like Gecko) Chrome/67.0.3396.99 Safari/537.36\"\n","level":"info"}
{"message":"404 - Not Found - /api/theatre/ - GET - ::1","level":"error"}
{"message":"::1 - - [24/Jul/2018:16:56:48 +0000] \"GET /api/theatre/ HTTP/1.1\" 404 1469 \"http://localhost:4200/movies\" \"Mozilla/5.0 (Windows NT 10.0; Win64; x64) AppleWebKit/537.36 (KHTML, like Gecko) Chrome/67.0.3396.99 Safari/537.36\"\n","level":"info"}
{"message":"404 - Not Found - /api/theatre/ - GET - ::1","level":"error"}
{"message":"::1 - - [24/Jul/2018:16:56:51 +0000] \"GET /api/theatre/ HTTP/1.1\" 404 1469 \"http://localhost:4200/movies\" \"Mozilla/5.0 (Windows NT 10.0; Win64; x64) AppleWebKit/537.36 (KHTML, like Gecko) Chrome/67.0.3396.99 Safari/537.36\"\n","level":"info"}
{"message":"404 - Not Found - /api/theatre/ - GET - ::1","level":"error"}
{"message":"::1 - - [24/Jul/2018:16:56:51 +0000] \"GET /api/theatre/ HTTP/1.1\" 404 1469 \"http://localhost:4200/movies\" \"Mozilla/5.0 (Windows NT 10.0; Win64; x64) AppleWebKit/537.36 (KHTML, like Gecko) Chrome/67.0.3396.99 Safari/537.36\"\n","level":"info"}
{"message":"404 - Not Found - /api/theatre/ - GET - ::1","level":"error"}
{"message":"::1 - - [24/Jul/2018:16:56:56 +0000] \"GET /api/theatre/ HTTP/1.1\" 404 1469 \"http://localhost:4200/movies\" \"Mozilla/5.0 (Windows NT 10.0; Win64; x64) AppleWebKit/537.36 (KHTML, like Gecko) Chrome/67.0.3396.99 Safari/537.36\"\n","level":"info"}
{"message":"404 - Not Found - /api/theatre/ - GET - ::1","level":"error"}
{"message":"::1 - - [24/Jul/2018:16:56:59 +0000] \"GET /api/theatre/ HTTP/1.1\" 404 1469 \"http://localhost:4200/movies\" \"Mozilla/5.0 (Windows NT 10.0; Win64; x64) AppleWebKit/537.36 (KHTML, like Gecko) Chrome/67.0.3396.99 Safari/537.36\"\n","level":"info"}
{"message":"404 - Not Found - /api/theatre/ - GET - ::1","level":"error"}
{"message":"::1 - - [24/Jul/2018:16:57:48 +0000] \"GET /api/theatre/ HTTP/1.1\" 404 1469 \"http://localhost:4200/movies\" \"Mozilla/5.0 (Windows NT 10.0; Win64; x64) AppleWebKit/537.36 (KHTML, like Gecko) Chrome/67.0.3396.99 Safari/537.36\"\n","level":"info"}
{"message":"404 - Not Found - /api/theatre/ - GET - ::1","level":"error"}
{"message":"::1 - - [24/Jul/2018:16:57:49 +0000] \"GET /api/theatre/ HTTP/1.1\" 404 1469 \"http://localhost:4200/movies\" \"Mozilla/5.0 (Windows NT 10.0; Win64; x64) AppleWebKit/537.36 (KHTML, like Gecko) Chrome/67.0.3396.99 Safari/537.36\"\n","level":"info"}
{"message":"404 - Not Found - /api/theatre/ - GET - ::1","level":"error"}
{"message":"::1 - - [24/Jul/2018:16:59:08 +0000] \"GET /api/theatre/ HTTP/1.1\" 404 1469 \"http://localhost:4200/movies\" \"Mozilla/5.0 (Windows NT 10.0; Win64; x64) AppleWebKit/537.36 (KHTML, like Gecko) Chrome/67.0.3396.99 Safari/537.36\"\n","level":"info"}
{"message":"404 - Not Found - /api/theatre/ - GET - ::1","level":"error"}
{"message":"::1 - - [24/Jul/2018:16:59:10 +0000] \"GET /api/theatre/ HTTP/1.1\" 404 1469 \"http://localhost:4200/movies\" \"Mozilla/5.0 (Windows NT 10.0; Win64; x64) AppleWebKit/537.36 (KHTML, like Gecko) Chrome/67.0.3396.99 Safari/537.36\"\n","level":"info"}
{"message":"404 - Not Found - /api/theatre/ - GET - ::1","level":"error"}
{"message":"::1 - - [24/Jul/2018:16:59:12 +0000] \"GET /api/theatre/ HTTP/1.1\" 404 1469 \"http://localhost:4200/movies\" \"Mozilla/5.0 (Windows NT 10.0; Win64; x64) AppleWebKit/537.36 (KHTML, like Gecko) Chrome/67.0.3396.99 Safari/537.36\"\n","level":"info"}
{"message":"404 - Not Found - /api/theatre/ - GET - ::1","level":"error"}
{"message":"::1 - - [24/Jul/2018:16:59:32 +0000] \"GET /api/theatre/ HTTP/1.1\" 404 1469 \"http://localhost:4200/movies\" \"Mozilla/5.0 (Windows NT 10.0; Win64; x64) AppleWebKit/537.36 (KHTML, like Gecko) Chrome/67.0.3396.99 Safari/537.36\"\n","level":"info"}
{"message":"404 - Not Found - /api/theatre/ - GET - ::1","level":"error"}
{"message":"::1 - - [24/Jul/2018:16:59:34 +0000] \"GET /api/theatre/ HTTP/1.1\" 404 1469 \"http://localhost:4200/movies\" \"Mozilla/5.0 (Windows NT 10.0; Win64; x64) AppleWebKit/537.36 (KHTML, like Gecko) Chrome/67.0.3396.99 Safari/537.36\"\n","level":"info"}
{"message":"404 - Not Found - /api/theatre/ - GET - ::1","level":"error"}
{"message":"::1 - - [24/Jul/2018:16:59:36 +0000] \"GET /api/theatre/ HTTP/1.1\" 404 1469 \"http://localhost:4200/movies\" \"Mozilla/5.0 (Windows NT 10.0; Win64; x64) AppleWebKit/537.36 (KHTML, like Gecko) Chrome/67.0.3396.99 Safari/537.36\"\n","level":"info"}
{"message":"404 - Not Found - /api/theatre/ - GET - ::1","level":"error"}
{"message":"::1 - - [24/Jul/2018:16:59:40 +0000] \"GET /api/theatre/ HTTP/1.1\" 404 1469 \"http://localhost:4200/movies\" \"Mozilla/5.0 (Windows NT 10.0; Win64; x64) AppleWebKit/537.36 (KHTML, like Gecko) Chrome/67.0.3396.99 Safari/537.36\"\n","level":"info"}
{"message":"404 - Not Found - /api/theatre/ - GET - ::1","level":"error"}
{"message":"::1 - - [24/Jul/2018:16:59:42 +0000] \"GET /api/theatre/ HTTP/1.1\" 404 1469 \"http://localhost:4200/movies\" \"Mozilla/5.0 (Windows NT 10.0; Win64; x64) AppleWebKit/537.36 (KHTML, like Gecko) Chrome/67.0.3396.99 Safari/537.36\"\n","level":"info"}
{"message":"404 - Not Found - /api/theatre/ - GET - ::1","level":"error"}
{"message":"::1 - - [24/Jul/2018:17:02:26 +0000] \"GET /api/theatre/ HTTP/1.1\" 404 1469 \"http://localhost:4200/movies\" \"Mozilla/5.0 (Windows NT 10.0; Win64; x64) AppleWebKit/537.36 (KHTML, like Gecko) Chrome/67.0.3396.99 Safari/537.36\"\n","level":"info"}
{"message":"404 - Not Found - /api/theatre/ - GET - ::1","level":"error"}
{"message":"::1 - - [24/Jul/2018:17:03:54 +0000] \"GET /api/theatre/ HTTP/1.1\" 404 1469 \"http://localhost:4200/movies\" \"Mozilla/5.0 (Windows NT 10.0; Win64; x64) AppleWebKit/537.36 (KHTML, like Gecko) Chrome/67.0.3396.99 Safari/537.36\"\n","level":"info"}
{"message":"404 - Not Found - /api/theatre/ - GET - ::1","level":"error"}
{"message":"::1 - - [24/Jul/2018:17:05:05 +0000] \"GET /api/theatre/ HTTP/1.1\" 404 1469 \"http://localhost:4200/movies\" \"Mozilla/5.0 (Windows NT 10.0; Win64; x64) AppleWebKit/537.36 (KHTML, like Gecko) Chrome/67.0.3396.99 Safari/537.36\"\n","level":"info"}
{"message":"404 - Not Found - /api/theatre/ - GET - ::1","level":"error"}
{"message":"::1 - - [24/Jul/2018:17:05:30 +0000] \"GET /api/theatre/ HTTP/1.1\" 404 1469 \"http://localhost:4200/movies\" \"Mozilla/5.0 (Windows NT 10.0; Win64; x64) AppleWebKit/537.36 (KHTML, like Gecko) Chrome/67.0.3396.99 Safari/537.36\"\n","level":"info"}
{"message":"404 - Not Found - /api/theatre/ - GET - ::1","level":"error"}
{"message":"::1 - - [24/Jul/2018:17:05:34 +0000] \"GET /api/theatre/ HTTP/1.1\" 404 1469 \"http://localhost:4200/movies\" \"Mozilla/5.0 (Windows NT 10.0; Win64; x64) AppleWebKit/537.36 (KHTML, like Gecko) Chrome/67.0.3396.99 Safari/537.36\"\n","level":"info"}
{"message":"404 - Not Found - /api/theatre/ - GET - ::1","level":"error"}
{"message":"::1 - - [24/Jul/2018:17:05:38 +0000] \"GET /api/theatre/ HTTP/1.1\" 404 1469 \"http://localhost:4200/movies\" \"Mozilla/5.0 (Windows NT 10.0; Win64; x64) AppleWebKit/537.36 (KHTML, like Gecko) Chrome/67.0.3396.99 Safari/537.36\"\n","level":"info"}
{"message":"404 - Not Found - /api/theatre/ - GET - ::1","level":"error"}
{"message":"::1 - - [24/Jul/2018:17:05:41 +0000] \"GET /api/theatre/ HTTP/1.1\" 404 1469 \"http://localhost:4200/movies\" \"Mozilla/5.0 (Windows NT 10.0; Win64; x64) AppleWebKit/537.36 (KHTML, like Gecko) Chrome/67.0.3396.99 Safari/537.36\"\n","level":"info"}
{"message":"404 - Not Found - /api/theatre/ - GET - ::1","level":"error"}
{"message":"::1 - - [24/Jul/2018:17:06:01 +0000] \"GET /api/theatre/ HTTP/1.1\" 404 1469 \"http://localhost:4200/movies\" \"Mozilla/5.0 (Windows NT 10.0; Win64; x64) AppleWebKit/537.36 (KHTML, like Gecko) Chrome/67.0.3396.99 Safari/537.36\"\n","level":"info"}
{"message":"404 - Not Found - /api/theatre/ - GET - ::1","level":"error"}
{"message":"::1 - - [24/Jul/2018:17:06:04 +0000] \"GET /api/theatre/ HTTP/1.1\" 404 1469 \"http://localhost:4200/movies\" \"Mozilla/5.0 (Windows NT 10.0; Win64; x64) AppleWebKit/537.36 (KHTML, like Gecko) Chrome/67.0.3396.99 Safari/537.36\"\n","level":"info"}
{"message":"404 - Not Found - /api/theatre/ - GET - ::1","level":"error"}
{"message":"::1 - - [24/Jul/2018:17:06:30 +0000] \"GET /api/theatre/ HTTP/1.1\" 404 1469 \"http://localhost:4200/movies\" \"Mozilla/5.0 (Windows NT 10.0; Win64; x64) AppleWebKit/537.36 (KHTML, like Gecko) Chrome/67.0.3396.99 Safari/537.36\"\n","level":"info"}
{"message":"404 - Not Found - /api/theatre/ - GET - ::1","level":"error"}
{"message":"::1 - - [24/Jul/2018:17:06:33 +0000] \"GET /api/theatre/ HTTP/1.1\" 404 1469 \"http://localhost:4200/movies\" \"Mozilla/5.0 (Windows NT 10.0; Win64; x64) AppleWebKit/537.36 (KHTML, like Gecko) Chrome/67.0.3396.99 Safari/537.36\"\n","level":"info"}
{"message":"404 - Not Found - /api/theatre/ - GET - ::1","level":"error"}
{"message":"::1 - - [24/Jul/2018:17:06:38 +0000] \"GET /api/theatre/ HTTP/1.1\" 404 1469 \"http://localhost:4200/movies\" \"Mozilla/5.0 (Windows NT 10.0; Win64; x64) AppleWebKit/537.36 (KHTML, like Gecko) Chrome/67.0.3396.99 Safari/537.36\"\n","level":"info"}
{"message":"404 - Not Found - /api/theatre/ - GET - ::1","level":"error"}
{"message":"::1 - - [24/Jul/2018:17:06:41 +0000] \"GET /api/theatre/ HTTP/1.1\" 404 1469 \"http://localhost:4200/movies\" \"Mozilla/5.0 (Windows NT 10.0; Win64; x64) AppleWebKit/537.36 (KHTML, like Gecko) Chrome/67.0.3396.99 Safari/537.36\"\n","level":"info"}
{"message":"404 - Not Found - /api/theatre/ - GET - ::1","level":"error"}
{"message":"::1 - - [24/Jul/2018:17:06:54 +0000] \"GET /api/theatre/ HTTP/1.1\" 404 1469 \"http://localhost:4200/movies\" \"Mozilla/5.0 (Windows NT 10.0; Win64; x64) AppleWebKit/537.36 (KHTML, like Gecko) Chrome/67.0.3396.99 Safari/537.36\"\n","level":"info"}
{"message":"404 - Not Found - /api/theatre/ - GET - ::1","level":"error"}
{"message":"::1 - - [24/Jul/2018:17:06:57 +0000] \"GET /api/theatre/ HTTP/1.1\" 404 1469 \"http://localhost:4200/movies\" \"Mozilla/5.0 (Windows NT 10.0; Win64; x64) AppleWebKit/537.36 (KHTML, like Gecko) Chrome/67.0.3396.99 Safari/537.36\"\n","level":"info"}
{"message":"404 - Not Found - /api/theatre/ - GET - ::1","level":"error"}
{"message":"::1 - - [24/Jul/2018:17:07:03 +0000] \"GET /api/theatre/ HTTP/1.1\" 404 1469 \"http://localhost:4200/movies\" \"Mozilla/5.0 (Windows NT 10.0; Win64; x64) AppleWebKit/537.36 (KHTML, like Gecko) Chrome/67.0.3396.99 Safari/537.36\"\n","level":"info"}
{"message":"404 - Not Found - /api/theatre/ - GET - ::1","level":"error"}
{"message":"::1 - - [24/Jul/2018:17:07:07 +0000] \"GET /api/theatre/ HTTP/1.1\" 404 1469 \"http://localhost:4200/movies\" \"Mozilla/5.0 (Windows NT 10.0; Win64; x64) AppleWebKit/537.36 (KHTML, like Gecko) Chrome/67.0.3396.99 Safari/537.36\"\n","level":"info"}
{"message":"404 - Not Found - /api/theatre/ - GET - ::1","level":"error"}
{"message":"::1 - - [24/Jul/2018:17:07:09 +0000] \"GET /api/theatre/ HTTP/1.1\" 404 1469 \"http://localhost:4200/movies\" \"Mozilla/5.0 (Windows NT 10.0; Win64; x64) AppleWebKit/537.36 (KHTML, like Gecko) Chrome/67.0.3396.99 Safari/537.36\"\n","level":"info"}
{"message":"404 - Not Found - /api/theatre/ - GET - ::1","level":"error"}
{"message":"::1 - - [24/Jul/2018:17:07:21 +0000] \"GET /api/theatre/ HTTP/1.1\" 404 1469 \"http://localhost:4200/movies\" \"Mozilla/5.0 (Windows NT 10.0; Win64; x64) AppleWebKit/537.36 (KHTML, like Gecko) Chrome/67.0.3396.99 Safari/537.36\"\n","level":"info"}
{"message":"404 - Not Found - /api/theatre/ - GET - ::1","level":"error"}
{"message":"::1 - - [24/Jul/2018:17:07:23 +0000] \"GET /api/theatre/ HTTP/1.1\" 404 1469 \"http://localhost:4200/movies\" \"Mozilla/5.0 (Windows NT 10.0; Win64; x64) AppleWebKit/537.36 (KHTML, like Gecko) Chrome/67.0.3396.99 Safari/537.36\"\n","level":"info"}
{"message":"404 - Not Found - /api/theatre/ - GET - ::1","level":"error"}
{"message":"::1 - - [24/Jul/2018:17:07:26 +0000] \"GET /api/theatre/ HTTP/1.1\" 404 1469 \"http://localhost:4200/movies\" \"Mozilla/5.0 (Windows NT 10.0; Win64; x64) AppleWebKit/537.36 (KHTML, like Gecko) Chrome/67.0.3396.99 Safari/537.36\"\n","level":"info"}
{"message":"404 - Not Found - /api/theatre/ - GET - ::1","level":"error"}
{"message":"::1 - - [24/Jul/2018:17:08:51 +0000] \"GET /api/theatre/ HTTP/1.1\" 404 1469 \"http://localhost:4200/movies\" \"Mozilla/5.0 (Windows NT 10.0; Win64; x64) AppleWebKit/537.36 (KHTML, like Gecko) Chrome/67.0.3396.99 Safari/537.36\"\n","level":"info"}
{"message":"404 - Not Found - /api/theatre/ - GET - ::1","level":"error"}
{"message":"::1 - - [24/Jul/2018:17:11:30 +0000] \"GET /api/theatre/ HTTP/1.1\" 404 1469 \"http://localhost:4200/movies\" \"Mozilla/5.0 (Windows NT 10.0; Win64; x64) AppleWebKit/537.36 (KHTML, like Gecko) Chrome/67.0.3396.99 Safari/537.36\"\n","level":"info"}
{"message":"404 - Not Found - /api/theatre/ - GET - ::1","level":"error"}
{"message":"::1 - - [24/Jul/2018:17:11:31 +0000] \"GET /api/theatre/ HTTP/1.1\" 404 1469 \"http://localhost:4200/movies\" \"Mozilla/5.0 (Windows NT 10.0; Win64; x64) AppleWebKit/537.36 (KHTML, like Gecko) Chrome/67.0.3396.99 Safari/537.36\"\n","level":"info"}
{"message":"404 - Not Found - /api/theatre/ - GET - ::1","level":"error"}
{"message":"::1 - - [24/Jul/2018:17:11:34 +0000] \"GET /api/theatre/ HTTP/1.1\" 404 1469 \"http://localhost:4200/movies\" \"Mozilla/5.0 (Windows NT 10.0; Win64; x64) AppleWebKit/537.36 (KHTML, like Gecko) Chrome/67.0.3396.99 Safari/537.36\"\n","level":"info"}
{"message":"404 - Not Found - /api/theatre/ - GET - ::1","level":"error"}
{"message":"::1 - - [24/Jul/2018:17:11:39 +0000] \"GET /api/theatre/ HTTP/1.1\" 404 1469 \"http://localhost:4200/movies\" \"Mozilla/5.0 (Windows NT 10.0; Win64; x64) AppleWebKit/537.36 (KHTML, like Gecko) Chrome/67.0.3396.99 Safari/537.36\"\n","level":"info"}
{"message":"404 - Not Found - /api/theatre/ - GET - ::1","level":"error"}
{"message":"::1 - - [24/Jul/2018:17:11:47 +0000] \"GET /api/theatre/ HTTP/1.1\" 404 1469 \"http://localhost:4200/movies\" \"Mozilla/5.0 (Windows NT 10.0; Win64; x64) AppleWebKit/537.36 (KHTML, like Gecko) Chrome/67.0.3396.99 Safari/537.36\"\n","level":"info"}
{"message":"404 - Not Found - /api/theatre/ - GET - ::1","level":"error"}
{"message":"::1 - - [24/Jul/2018:17:11:53 +0000] \"GET /api/theatre/ HTTP/1.1\" 404 1469 \"http://localhost:4200/movies\" \"Mozilla/5.0 (Windows NT 10.0; Win64; x64) AppleWebKit/537.36 (KHTML, like Gecko) Chrome/67.0.3396.99 Safari/537.36\"\n","level":"info"}
{"message":"404 - Not Found - /api/theatre/ - GET - ::1","level":"error"}
{"message":"::1 - - [24/Jul/2018:17:11:57 +0000] \"GET /api/theatre/ HTTP/1.1\" 404 1469 \"http://localhost:4200/movies\" \"Mozilla/5.0 (Windows NT 10.0; Win64; x64) AppleWebKit/537.36 (KHTML, like Gecko) Chrome/67.0.3396.99 Safari/537.36\"\n","level":"info"}
{"message":"404 - Not Found - /api/theatre/ - GET - ::1","level":"error"}
{"message":"::1 - - [24/Jul/2018:17:12:00 +0000] \"GET /api/theatre/ HTTP/1.1\" 404 1469 \"http://localhost:4200/movies\" \"Mozilla/5.0 (Windows NT 10.0; Win64; x64) AppleWebKit/537.36 (KHTML, like Gecko) Chrome/67.0.3396.99 Safari/537.36\"\n","level":"info"}
{"message":"404 - Not Found - /api/theatre/ - GET - ::1","level":"error"}
{"message":"::1 - - [24/Jul/2018:17:12:04 +0000] \"GET /api/theatre/ HTTP/1.1\" 404 1469 \"http://localhost:4200/movies\" \"Mozilla/5.0 (Windows NT 10.0; Win64; x64) AppleWebKit/537.36 (KHTML, like Gecko) Chrome/67.0.3396.99 Safari/537.36\"\n","level":"info"}
{"message":"404 - Not Found - /api/theatre/ - GET - ::1","level":"error"}
{"message":"::1 - - [24/Jul/2018:17:12:21 +0000] \"GET /api/theatre/ HTTP/1.1\" 404 1469 \"http://localhost:4200/movies\" \"Mozilla/5.0 (Windows NT 10.0; Win64; x64) AppleWebKit/537.36 (KHTML, like Gecko) Chrome/67.0.3396.99 Safari/537.36\"\n","level":"info"}
{"message":"404 - Not Found - /api/theatre/ - GET - ::1","level":"error"}
{"message":"::1 - - [24/Jul/2018:17:12:25 +0000] \"GET /api/theatre/ HTTP/1.1\" 404 1469 \"http://localhost:4200/movies\" \"Mozilla/5.0 (Windows NT 10.0; Win64; x64) AppleWebKit/537.36 (KHTML, like Gecko) Chrome/67.0.3396.99 Safari/537.36\"\n","level":"info"}
{"message":"404 - Not Found - /api/theatre/ - GET - ::1","level":"error"}
{"message":"::1 - - [24/Jul/2018:17:12:26 +0000] \"GET /api/theatre/ HTTP/1.1\" 404 1469 \"http://localhost:4200/movies\" \"Mozilla/5.0 (Windows NT 10.0; Win64; x64) AppleWebKit/537.36 (KHTML, like Gecko) Chrome/67.0.3396.99 Safari/537.36\"\n","level":"info"}
{"message":"404 - Not Found - /api/theatre/ - GET - ::1","level":"error"}
{"message":"::1 - - [24/Jul/2018:17:18:37 +0000] \"GET /api/theatre/ HTTP/1.1\" 404 1469 \"http://localhost:4200/movies\" \"Mozilla/5.0 (Windows NT 10.0; Win64; x64) AppleWebKit/537.36 (KHTML, like Gecko) Chrome/67.0.3396.99 Safari/537.36\"\n","level":"info"}
{"message":"404 - Not Found - /api/theatre/ - GET - ::1","level":"error"}
{"message":"::1 - - [24/Jul/2018:17:22:46 +0000] \"GET /api/theatre/ HTTP/1.1\" 404 1469 \"http://localhost:4200/movies\" \"Mozilla/5.0 (Windows NT 10.0; Win64; x64) AppleWebKit/537.36 (KHTML, like Gecko) Chrome/67.0.3396.99 Safari/537.36\"\n","level":"info"}
{"message":"404 - Not Found - /api/theatre/ - GET - ::1","level":"error"}
{"message":"::1 - - [24/Jul/2018:17:25:25 +0000] \"GET /api/theatre/ HTTP/1.1\" 404 1469 \"http://localhost:4200/movies\" \"Mozilla/5.0 (Windows NT 10.0; Win64; x64) AppleWebKit/537.36 (KHTML, like Gecko) Chrome/67.0.3396.99 Safari/537.36\"\n","level":"info"}
{"error":{},"level":"error","message":"uncaughtException: Can't set headers after they are sent.\nError: Can't set headers after they are sent.\n    at validateHeader (_http_outgoing.js:494:11)\n    at ServerResponse.setHeader (_http_outgoing.js:501:3)\n    at ServerResponse.header (C:\\Users\\Bonge\\Documents\\Projects\\logger\\myApp\\node_modules\\express\\lib\\response.js:767:10)\n    at ServerResponse.send (C:\\Users\\Bonge\\Documents\\Projects\\logger\\myApp\\node_modules\\express\\lib\\response.js:170:12)\n    at Request._callback (C:\\Users\\Bonge\\Documents\\Projects\\logger\\myApp\\routes\\movies.js:14:11)\n    at Request.self.callback (C:\\Users\\Bonge\\Documents\\Projects\\logger\\myApp\\node_modules\\request\\request.js:185:22)\n    at emitTwo (events.js:126:13)\n    at Request.emit (events.js:214:7)\n    at Request.<anonymous> (C:\\Users\\Bonge\\Documents\\Projects\\logger\\myApp\\node_modules\\request\\request.js:1157:10)\n    at emitOne (events.js:116:13)","stack":"Error: Can't set headers after they are sent.\n    at validateHeader (_http_outgoing.js:494:11)\n    at ServerResponse.setHeader (_http_outgoing.js:501:3)\n    at ServerResponse.header (C:\\Users\\Bonge\\Documents\\Projects\\logger\\myApp\\node_modules\\express\\lib\\response.js:767:10)\n    at ServerResponse.send (C:\\Users\\Bonge\\Documents\\Projects\\logger\\myApp\\node_modules\\express\\lib\\response.js:170:12)\n    at Request._callback (C:\\Users\\Bonge\\Documents\\Projects\\logger\\myApp\\routes\\movies.js:14:11)\n    at Request.self.callback (C:\\Users\\Bonge\\Documents\\Projects\\logger\\myApp\\node_modules\\request\\request.js:185:22)\n    at emitTwo (events.js:126:13)\n    at Request.emit (events.js:214:7)\n    at Request.<anonymous> (C:\\Users\\Bonge\\Documents\\Projects\\logger\\myApp\\node_modules\\request\\request.js:1157:10)\n    at emitOne (events.js:116:13)","exception":true,"date":"Tue Jul 24 2018 20:00:12 GMT+0200 (Środkowoeuropejski czas letni)","process":{"pid":10808,"uid":null,"gid":null,"cwd":"C:\\Users\\Bonge\\Documents\\Projects\\logger\\myApp","execPath":"C:\\Program Files\\nodejs\\node.exe","version":"v8.9.4","argv":["C:\\Program Files\\nodejs\\node.exe","C:\\Users\\Bonge\\Documents\\Projects\\logger\\myApp\\bin\\www"],"memoryUsage":{"rss":37679104,"heapTotal":17158144,"heapUsed":14572984,"external":390560}},"os":{"loadavg":[0,0,0],"uptime":12712.0096581},"trace":[{"column":11,"file":"_http_outgoing.js","function":"validateHeader","line":494,"method":null,"native":false},{"column":3,"file":"_http_outgoing.js","function":"ServerResponse.setHeader","line":501,"method":"setHeader","native":false},{"column":10,"file":"C:\\Users\\Bonge\\Documents\\Projects\\logger\\myApp\\node_modules\\express\\lib\\response.js","function":"ServerResponse.header","line":767,"method":"header","native":false},{"column":12,"file":"C:\\Users\\Bonge\\Documents\\Projects\\logger\\myApp\\node_modules\\express\\lib\\response.js","function":"ServerResponse.send","line":170,"method":"send","native":false},{"column":11,"file":"C:\\Users\\Bonge\\Documents\\Projects\\logger\\myApp\\routes\\movies.js","function":"Request._callback","line":14,"method":"_callback","native":false},{"column":22,"file":"C:\\Users\\Bonge\\Documents\\Projects\\logger\\myApp\\node_modules\\request\\request.js","function":"Request.self.callback","line":185,"method":"callback","native":false},{"column":13,"file":"events.js","function":"emitTwo","line":126,"method":null,"native":false},{"column":7,"file":"events.js","function":"Request.emit","line":214,"method":"emit","native":false},{"column":10,"file":"C:\\Users\\Bonge\\Documents\\Projects\\logger\\myApp\\node_modules\\request\\request.js","function":null,"line":1157,"method":null,"native":false},{"column":13,"file":"events.js","function":"emitOne","line":116,"method":null,"native":false}]}
{"error":{},"level":"error","message":"uncaughtException: Can't set headers after they are sent.\nError: Can't set headers after they are sent.\n    at validateHeader (_http_outgoing.js:494:11)\n    at ServerResponse.setHeader (_http_outgoing.js:501:3)\n    at ServerResponse.header (C:\\Users\\Bonge\\Documents\\Projects\\logger\\myApp\\node_modules\\express\\lib\\response.js:767:10)\n    at ServerResponse.send (C:\\Users\\Bonge\\Documents\\Projects\\logger\\myApp\\node_modules\\express\\lib\\response.js:170:12)\n    at Request._callback (C:\\Users\\Bonge\\Documents\\Projects\\logger\\myApp\\routes\\movies.js:11:9)\n    at Request.self.callback (C:\\Users\\Bonge\\Documents\\Projects\\logger\\myApp\\node_modules\\request\\request.js:185:22)\n    at emitTwo (events.js:126:13)\n    at Request.emit (events.js:214:7)\n    at Request.<anonymous> (C:\\Users\\Bonge\\Documents\\Projects\\logger\\myApp\\node_modules\\request\\request.js:1157:10)\n    at emitOne (events.js:116:13)","stack":"Error: Can't set headers after they are sent.\n    at validateHeader (_http_outgoing.js:494:11)\n    at ServerResponse.setHeader (_http_outgoing.js:501:3)\n    at ServerResponse.header (C:\\Users\\Bonge\\Documents\\Projects\\logger\\myApp\\node_modules\\express\\lib\\response.js:767:10)\n    at ServerResponse.send (C:\\Users\\Bonge\\Documents\\Projects\\logger\\myApp\\node_modules\\express\\lib\\response.js:170:12)\n    at Request._callback (C:\\Users\\Bonge\\Documents\\Projects\\logger\\myApp\\routes\\movies.js:11:9)\n    at Request.self.callback (C:\\Users\\Bonge\\Documents\\Projects\\logger\\myApp\\node_modules\\request\\request.js:185:22)\n    at emitTwo (events.js:126:13)\n    at Request.emit (events.js:214:7)\n    at Request.<anonymous> (C:\\Users\\Bonge\\Documents\\Projects\\logger\\myApp\\node_modules\\request\\request.js:1157:10)\n    at emitOne (events.js:116:13)","exception":true,"date":"Tue Jul 24 2018 20:00:16 GMT+0200 (Środkowoeuropejski czas letni)","process":{"pid":10808,"uid":null,"gid":null,"cwd":"C:\\Users\\Bonge\\Documents\\Projects\\logger\\myApp","execPath":"C:\\Program Files\\nodejs\\node.exe","version":"v8.9.4","argv":["C:\\Program Files\\nodejs\\node.exe","C:\\Users\\Bonge\\Documents\\Projects\\logger\\myApp\\bin\\www"],"memoryUsage":{"rss":38645760,"heapTotal":17158144,"heapUsed":14744232,"external":434430}},"os":{"loadavg":[0,0,0],"uptime":12712.1746317},"trace":[{"column":11,"file":"_http_outgoing.js","function":"validateHeader","line":494,"method":null,"native":false},{"column":3,"file":"_http_outgoing.js","function":"ServerResponse.setHeader","line":501,"method":"setHeader","native":false},{"column":10,"file":"C:\\Users\\Bonge\\Documents\\Projects\\logger\\myApp\\node_modules\\express\\lib\\response.js","function":"ServerResponse.header","line":767,"method":"header","native":false},{"column":12,"file":"C:\\Users\\Bonge\\Documents\\Projects\\logger\\myApp\\node_modules\\express\\lib\\response.js","function":"ServerResponse.send","line":170,"method":"send","native":false},{"column":9,"file":"C:\\Users\\Bonge\\Documents\\Projects\\logger\\myApp\\routes\\movies.js","function":"Request._callback","line":11,"method":"_callback","native":false},{"column":22,"file":"C:\\Users\\Bonge\\Documents\\Projects\\logger\\myApp\\node_modules\\request\\request.js","function":"Request.self.callback","line":185,"method":"callback","native":false},{"column":13,"file":"events.js","function":"emitTwo","line":126,"method":null,"native":false},{"column":7,"file":"events.js","function":"Request.emit","line":214,"method":"emit","native":false},{"column":10,"file":"C:\\Users\\Bonge\\Documents\\Projects\\logger\\myApp\\node_modules\\request\\request.js","function":null,"line":1157,"method":null,"native":false},{"column":13,"file":"events.js","function":"emitOne","line":116,"method":null,"native":false}]}
{"message":"500 - Failed to lookup view \"index.html\" in views directory \"C:\\Users\\Bonge\\Documents\\Projects\\logger\\myAppviews\" - / - GET - ::1","level":"error"}
{"message":"404 - Not Found - /theatre - GET - ::1","level":"error"}
{"message":"::1 - - [24/Jul/2018:18:14:08 +0000] \"GET /theatre HTTP/1.1\" 404 1469 \"-\" \"Mozilla/5.0 (Windows NT 10.0; Win64; x64) AppleWebKit/537.36 (KHTML, like Gecko) Chrome/67.0.3396.99 Safari/537.36\"\n","level":"info"}
{"message":"404 - Not Found - /api/review - GET - ::1","level":"error"}
{"message":"::1 - - [24/Jul/2018:20:41:50 +0000] \"GET /api/review HTTP/1.1\" 404 1469 \"-\" \"Mozilla/5.0 (Windows NT 10.0; Win64; x64) AppleWebKit/537.36 (KHTML, like Gecko) Chrome/67.0.3396.99 Safari/537.36\"\n","level":"info"}
{"error":{},"level":"error","message":"uncaughtException: res.send is not a function\nTypeError: res.send is not a function\n    at Request._callback (C:\\Users\\Bonge\\Documents\\Projects\\logger\\myApp\\routes\\movies.js:19:9)\n    at Request.self.callback (C:\\Users\\Bonge\\Documents\\Projects\\logger\\myApp\\node_modules\\request\\request.js:185:22)\n    at emitTwo (events.js:126:13)\n    at Request.emit (events.js:214:7)\n    at Request.<anonymous> (C:\\Users\\Bonge\\Documents\\Projects\\logger\\myApp\\node_modules\\request\\request.js:1157:10)\n    at emitOne (events.js:116:13)\n    at Request.emit (events.js:211:7)\n    at IncomingMessage.<anonymous> (C:\\Users\\Bonge\\Documents\\Projects\\logger\\myApp\\node_modules\\request\\request.js:1079:12)\n    at Object.onceWrapper (events.js:313:30)\n    at emitNone (events.js:111:20)","stack":"TypeError: res.send is not a function\n    at Request._callback (C:\\Users\\Bonge\\Documents\\Projects\\logger\\myApp\\routes\\movies.js:19:9)\n    at Request.self.callback (C:\\Users\\Bonge\\Documents\\Projects\\logger\\myApp\\node_modules\\request\\request.js:185:22)\n    at emitTwo (events.js:126:13)\n    at Request.emit (events.js:214:7)\n    at Request.<anonymous> (C:\\Users\\Bonge\\Documents\\Projects\\logger\\myApp\\node_modules\\request\\request.js:1157:10)\n    at emitOne (events.js:116:13)\n    at Request.emit (events.js:211:7)\n    at IncomingMessage.<anonymous> (C:\\Users\\Bonge\\Documents\\Projects\\logger\\myApp\\node_modules\\request\\request.js:1079:12)\n    at Object.onceWrapper (events.js:313:30)\n    at emitNone (events.js:111:20)","exception":true,"date":"Tue Jul 24 2018 22:52:30 GMT+0200 (Środkowoeuropejski czas letni)","process":{"pid":6196,"uid":null,"gid":null,"cwd":"C:\\Users\\Bonge\\Documents\\Projects\\logger\\myApp","execPath":"C:\\Program Files\\nodejs\\node.exe","version":"v8.9.4","argv":["C:\\Program Files\\nodejs\\node.exe","C:\\Users\\Bonge\\Documents\\Projects\\logger\\myApp\\bin\\www"],"memoryUsage":{"rss":36450304,"heapTotal":17158144,"heapUsed":13991136,"external":116331}},"os":{"loadavg":[0,0,0],"uptime":23059.8054726},"trace":[{"column":9,"file":"C:\\Users\\Bonge\\Documents\\Projects\\logger\\myApp\\routes\\movies.js","function":"Request._callback","line":19,"method":"_callback","native":false},{"column":22,"file":"C:\\Users\\Bonge\\Documents\\Projects\\logger\\myApp\\node_modules\\request\\request.js","function":"Request.self.callback","line":185,"method":"callback","native":false},{"column":13,"file":"events.js","function":"emitTwo","line":126,"method":null,"native":false},{"column":7,"file":"events.js","function":"Request.emit","line":214,"method":"emit","native":false},{"column":10,"file":"C:\\Users\\Bonge\\Documents\\Projects\\logger\\myApp\\node_modules\\request\\request.js","function":null,"line":1157,"method":null,"native":false},{"column":13,"file":"events.js","function":"emitOne","line":116,"method":null,"native":false},{"column":7,"file":"events.js","function":"Request.emit","line":211,"method":"emit","native":false},{"column":12,"file":"C:\\Users\\Bonge\\Documents\\Projects\\logger\\myApp\\node_modules\\request\\request.js","function":null,"line":1079,"method":null,"native":false},{"column":30,"file":"events.js","function":"Object.onceWrapper","line":313,"method":"onceWrapper","native":false},{"column":20,"file":"events.js","function":"emitNone","line":111,"method":null,"native":false}]}
{"error":{},"level":"error","message":"uncaughtException: res.send is not a function\nTypeError: res.send is not a function\n    at Request._callback (C:\\Users\\Bonge\\Documents\\Projects\\logger\\myApp\\routes\\movies.js:19:9)\n    at Request.self.callback (C:\\Users\\Bonge\\Documents\\Projects\\logger\\myApp\\node_modules\\request\\request.js:185:22)\n    at emitTwo (events.js:126:13)\n    at Request.emit (events.js:214:7)\n    at Request.<anonymous> (C:\\Users\\Bonge\\Documents\\Projects\\logger\\myApp\\node_modules\\request\\request.js:1157:10)\n    at emitOne (events.js:116:13)\n    at Request.emit (events.js:211:7)\n    at IncomingMessage.<anonymous> (C:\\Users\\Bonge\\Documents\\Projects\\logger\\myApp\\node_modules\\request\\request.js:1079:12)\n    at Object.onceWrapper (events.js:313:30)\n    at emitNone (events.js:111:20)","stack":"TypeError: res.send is not a function\n    at Request._callback (C:\\Users\\Bonge\\Documents\\Projects\\logger\\myApp\\routes\\movies.js:19:9)\n    at Request.self.callback (C:\\Users\\Bonge\\Documents\\Projects\\logger\\myApp\\node_modules\\request\\request.js:185:22)\n    at emitTwo (events.js:126:13)\n    at Request.emit (events.js:214:7)\n    at Request.<anonymous> (C:\\Users\\Bonge\\Documents\\Projects\\logger\\myApp\\node_modules\\request\\request.js:1157:10)\n    at emitOne (events.js:116:13)\n    at Request.emit (events.js:211:7)\n    at IncomingMessage.<anonymous> (C:\\Users\\Bonge\\Documents\\Projects\\logger\\myApp\\node_modules\\request\\request.js:1079:12)\n    at Object.onceWrapper (events.js:313:30)\n    at emitNone (events.js:111:20)","exception":true,"date":"Tue Jul 24 2018 22:52:58 GMT+0200 (Środkowoeuropejski czas letni)","process":{"pid":6196,"uid":null,"gid":null,"cwd":"C:\\Users\\Bonge\\Documents\\Projects\\logger\\myApp","execPath":"C:\\Program Files\\nodejs\\node.exe","version":"v8.9.4","argv":["C:\\Program Files\\nodejs\\node.exe","C:\\Users\\Bonge\\Documents\\Projects\\logger\\myApp\\bin\\www"],"memoryUsage":{"rss":37494784,"heapTotal":17158144,"heapUsed":14362864,"external":146091}},"os":{"loadavg":[0,0,0],"uptime":23073.9553011},"trace":[{"column":9,"file":"C:\\Users\\Bonge\\Documents\\Projects\\logger\\myApp\\routes\\movies.js","function":"Request._callback","line":19,"method":"_callback","native":false},{"column":22,"file":"C:\\Users\\Bonge\\Documents\\Projects\\logger\\myApp\\node_modules\\request\\request.js","function":"Request.self.callback","line":185,"method":"callback","native":false},{"column":13,"file":"events.js","function":"emitTwo","line":126,"method":null,"native":false},{"column":7,"file":"events.js","function":"Request.emit","line":214,"method":"emit","native":false},{"column":10,"file":"C:\\Users\\Bonge\\Documents\\Projects\\logger\\myApp\\node_modules\\request\\request.js","function":null,"line":1157,"method":null,"native":false},{"column":13,"file":"events.js","function":"emitOne","line":116,"method":null,"native":false},{"column":7,"file":"events.js","function":"Request.emit","line":211,"method":"emit","native":false},{"column":12,"file":"C:\\Users\\Bonge\\Documents\\Projects\\logger\\myApp\\node_modules\\request\\request.js","function":null,"line":1079,"method":null,"native":false},{"column":30,"file":"events.js","function":"Object.onceWrapper","line":313,"method":"onceWrapper","native":false},{"column":20,"file":"events.js","function":"emitNone","line":111,"method":null,"native":false}]}
{"error":{},"level":"error","message":"uncaughtException: res.send is not a function\nTypeError: res.send is not a function\n    at Request._callback (C:\\Users\\Bonge\\Documents\\Projects\\logger\\myApp\\routes\\movies.js:19:9)\n    at Request.self.callback (C:\\Users\\Bonge\\Documents\\Projects\\logger\\myApp\\node_modules\\request\\request.js:185:22)\n    at emitTwo (events.js:126:13)\n    at Request.emit (events.js:214:7)\n    at Request.<anonymous> (C:\\Users\\Bonge\\Documents\\Projects\\logger\\myApp\\node_modules\\request\\request.js:1157:10)\n    at emitOne (events.js:116:13)\n    at Request.emit (events.js:211:7)\n    at IncomingMessage.<anonymous> (C:\\Users\\Bonge\\Documents\\Projects\\logger\\myApp\\node_modules\\request\\request.js:1079:12)\n    at Object.onceWrapper (events.js:313:30)\n    at emitNone (events.js:111:20)","stack":"TypeError: res.send is not a function\n    at Request._callback (C:\\Users\\Bonge\\Documents\\Projects\\logger\\myApp\\routes\\movies.js:19:9)\n    at Request.self.callback (C:\\Users\\Bonge\\Documents\\Projects\\logger\\myApp\\node_modules\\request\\request.js:185:22)\n    at emitTwo (events.js:126:13)\n    at Request.emit (events.js:214:7)\n    at Request.<anonymous> (C:\\Users\\Bonge\\Documents\\Projects\\logger\\myApp\\node_modules\\request\\request.js:1157:10)\n    at emitOne (events.js:116:13)\n    at Request.emit (events.js:211:7)\n    at IncomingMessage.<anonymous> (C:\\Users\\Bonge\\Documents\\Projects\\logger\\myApp\\node_modules\\request\\request.js:1079:12)\n    at Object.onceWrapper (events.js:313:30)\n    at emitNone (events.js:111:20)","exception":true,"date":"Tue Jul 24 2018 22:54:23 GMT+0200 (Środkowoeuropejski czas letni)","process":{"pid":6196,"uid":null,"gid":null,"cwd":"C:\\Users\\Bonge\\Documents\\Projects\\logger\\myApp","execPath":"C:\\Program Files\\nodejs\\node.exe","version":"v8.9.4","argv":["C:\\Program Files\\nodejs\\node.exe","C:\\Users\\Bonge\\Documents\\Projects\\logger\\myApp\\bin\\www"],"memoryUsage":{"rss":37806080,"heapTotal":17158144,"heapUsed":14639352,"external":185490}},"os":{"loadavg":[0,0,0],"uptime":23159.3111193},"trace":[{"column":9,"file":"C:\\Users\\Bonge\\Documents\\Projects\\logger\\myApp\\routes\\movies.js","function":"Request._callback","line":19,"method":"_callback","native":false},{"column":22,"file":"C:\\Users\\Bonge\\Documents\\Projects\\logger\\myApp\\node_modules\\request\\request.js","function":"Request.self.callback","line":185,"method":"callback","native":false},{"column":13,"file":"events.js","function":"emitTwo","line":126,"method":null,"native":false},{"column":7,"file":"events.js","function":"Request.emit","line":214,"method":"emit","native":false},{"column":10,"file":"C:\\Users\\Bonge\\Documents\\Projects\\logger\\myApp\\node_modules\\request\\request.js","function":null,"line":1157,"method":null,"native":false},{"column":13,"file":"events.js","function":"emitOne","line":116,"method":null,"native":false},{"column":7,"file":"events.js","function":"Request.emit","line":211,"method":"emit","native":false},{"column":12,"file":"C:\\Users\\Bonge\\Documents\\Projects\\logger\\myApp\\node_modules\\request\\request.js","function":null,"line":1079,"method":null,"native":false},{"column":30,"file":"events.js","function":"Object.onceWrapper","line":313,"method":"onceWrapper","native":false},{"column":20,"file":"events.js","function":"emitNone","line":111,"method":null,"native":false}]}
{"error":{},"level":"error","message":"uncaughtException: res.send is not a function\nTypeError: res.send is not a function\n    at Request._callback (C:\\Users\\Bonge\\Documents\\Projects\\logger\\myApp\\routes\\movies.js:19:9)\n    at Request.self.callback (C:\\Users\\Bonge\\Documents\\Projects\\logger\\myApp\\node_modules\\request\\request.js:185:22)\n    at emitTwo (events.js:126:13)\n    at Request.emit (events.js:214:7)\n    at Request.<anonymous> (C:\\Users\\Bonge\\Documents\\Projects\\logger\\myApp\\node_modules\\request\\request.js:1157:10)\n    at emitOne (events.js:116:13)\n    at Request.emit (events.js:211:7)\n    at IncomingMessage.<anonymous> (C:\\Users\\Bonge\\Documents\\Projects\\logger\\myApp\\node_modules\\request\\request.js:1079:12)\n    at Object.onceWrapper (events.js:313:30)\n    at emitNone (events.js:111:20)","stack":"TypeError: res.send is not a function\n    at Request._callback (C:\\Users\\Bonge\\Documents\\Projects\\logger\\myApp\\routes\\movies.js:19:9)\n    at Request.self.callback (C:\\Users\\Bonge\\Documents\\Projects\\logger\\myApp\\node_modules\\request\\request.js:185:22)\n    at emitTwo (events.js:126:13)\n    at Request.emit (events.js:214:7)\n    at Request.<anonymous> (C:\\Users\\Bonge\\Documents\\Projects\\logger\\myApp\\node_modules\\request\\request.js:1157:10)\n    at emitOne (events.js:116:13)\n    at Request.emit (events.js:211:7)\n    at IncomingMessage.<anonymous> (C:\\Users\\Bonge\\Documents\\Projects\\logger\\myApp\\node_modules\\request\\request.js:1079:12)\n    at Object.onceWrapper (events.js:313:30)\n    at emitNone (events.js:111:20)","exception":true,"date":"Tue Jul 24 2018 22:54:55 GMT+0200 (Środkowoeuropejski czas letni)","process":{"pid":6196,"uid":null,"gid":null,"cwd":"C:\\Users\\Bonge\\Documents\\Projects\\logger\\myApp","execPath":"C:\\Program Files\\nodejs\\node.exe","version":"v8.9.4","argv":["C:\\Program Files\\nodejs\\node.exe","C:\\Users\\Bonge\\Documents\\Projects\\logger\\myApp\\bin\\www"],"memoryUsage":{"rss":38080512,"heapTotal":17158144,"heapUsed":14871664,"external":215226}},"os":{"loadavg":[0,0,0],"uptime":23190.8202802},"trace":[{"column":9,"file":"C:\\Users\\Bonge\\Documents\\Projects\\logger\\myApp\\routes\\movies.js","function":"Request._callback","line":19,"method":"_callback","native":false},{"column":22,"file":"C:\\Users\\Bonge\\Documents\\Projects\\logger\\myApp\\node_modules\\request\\request.js","function":"Request.self.callback","line":185,"method":"callback","native":false},{"column":13,"file":"events.js","function":"emitTwo","line":126,"method":null,"native":false},{"column":7,"file":"events.js","function":"Request.emit","line":214,"method":"emit","native":false},{"column":10,"file":"C:\\Users\\Bonge\\Documents\\Projects\\logger\\myApp\\node_modules\\request\\request.js","function":null,"line":1157,"method":null,"native":false},{"column":13,"file":"events.js","function":"emitOne","line":116,"method":null,"native":false},{"column":7,"file":"events.js","function":"Request.emit","line":211,"method":"emit","native":false},{"column":12,"file":"C:\\Users\\Bonge\\Documents\\Projects\\logger\\myApp\\node_modules\\request\\request.js","function":null,"line":1079,"method":null,"native":false},{"column":30,"file":"events.js","function":"Object.onceWrapper","line":313,"method":"onceWrapper","native":false},{"column":20,"file":"events.js","function":"emitNone","line":111,"method":null,"native":false}]}
{"message":"500 - Failed to lookup view \"index.html\" in views directory \"C:\\Users\\Bonge\\Documents\\Projects\\logger\\myAppviews\" - / - GET - ::1","level":"error"}
{"message":"404 - Not Found - /favicon.ico - GET - ::1","level":"error"}
{"message":"::1 - - [25/Jul/2018:16:51:08 +0000] \"GET /favicon.ico HTTP/1.1\" 404 1469 \"http://localhost:3000/\" \"Mozilla/5.0 (Windows NT 10.0; Win64; x64) AppleWebKit/537.36 (KHTML, like Gecko) Chrome/67.0.3396.99 Safari/537.36\"\n","level":"info"}
